Loading data...
  RN: 54858 bars
  AL: 48558 bars
  SBERF: 56561 bars
  NM: 48153 bars
  NG: 58248 bars
  GLDRUBF: 63895 bars
  HY: 30614 bars
  SV: 63930 bars
  MM: 48812 bars
  YD: 59166 bars
  VB: 63282 bars
  AF: 53495 bars
  GL: 61834 bars
  PT: 59863 bars
Precomputing signals (one-pass per ticker)...
  RN done
  AL done
  SBERF done
  NM done
  NG done
  GLDRUBF done
  HY done
  SV done
  MM done
  YD done
  VB done
  AF done
  GL done
  PT done

Running simulation (NO MTM, only trade counting)...
Bars: 64442
