=== Walk-forward IS-based portfolio (no OOS peek) ===
Тикеры: ['AF', 'AL', 'GL', 'GLDRUBF', 'HY', 'MM', 'NG', 'NM', 'PT', 'RN', 'SBERF', 'SV', 'VB', 'YD']
Test period: 2025-01-01 - 2026-05-01
IS Calmar отбор (без подсмотра в OOS)
Loading data...
  ✓ NG: 98956 bars
  ✓ SBERF: 66081 bars
  ✓ GL: 99314 bars
  ✓ GLDRUBF: 105176 bars
  ✓ MM: 82909 bars
  ✓ PT: 97853 bars
  ✓ HY: 51582 bars
  ✓ YD: 77357 bars
  ✓ NM: 80991 bars
  ✓ AL: 85597 bars
  ✓ AF: 88356 bars
  ✓ RN: 91303 bars
  ✓ SV: 106920 bars
  ✓ VB: 99267 bars
Precomputing signals...
############################################################
TEST 2025-2026 (OOS, чистый — портфель отобран по IS)
############################################################
