[2026-06-29 15:00:52] === CVD Paper Trader run ===
Traceback (most recent call last):
  File "/home/user/projects/TQA-MOEX-futures/strategies/cvd/prod/paper_trader.py", line 27, in <module>
    from lib_cvd_divergence import (
ModuleNotFoundError: No module named 'lib_cvd_divergence'
[2026-06-29 15:00:52] Exit: 1
[2026-06-29 15:06:28] === CVD Paper Trader run ===
Traceback (most recent call last):
  File "/home/user/projects/TQA-MOEX-futures/strategies/cvd/prod/paper_trader.py", line 27, in <module>
    from lib_cvd_divergence import (
ModuleNotFoundError: No module named 'lib_cvd_divergence'
[2026-06-29 15:06:28] Exit: 1
[2026-06-29 15:10:43] === CVD Paper Trader run ===
Traceback (most recent call last):
  File "/home/user/projects/TQA-MOEX-futures/strategies/cvd/prod/paper_trader.py", line 27, in <module>
    from lib_cvd_divergence import (
ModuleNotFoundError: No module named 'lib_cvd_divergence'
[2026-06-29 15:10:43] Exit: 1
[2026-06-29 15:16:06] === CVD Paper Trader run ===
Traceback (most recent call last):
  File "/home/user/projects/TQA-MOEX-futures/strategies/cvd/prod/paper_trader.py", line 27, in <module>
    from lib_cvd_divergence import (
ModuleNotFoundError: No module named 'lib_cvd_divergence'
[2026-06-29 15:16:06] Exit: 1
