
======================================================================
  Режим A_full_market
======================================================================

  AF        : 23364 баров, recovery=2025-08
/home/user/projects/TQA-MOEX/scripts/oi_divergence_scan_v2.py:85: RuntimeWarning: invalid value encountered in divide
  out[mask] = ((series - mu.values) / sd.values)[mask]
    V1: best W=40 T=2.0 hold=5 -> return=8.68% DD=58.77% Calmar=0.148 WR=47.8% trades=2716  (openWR=48% midWR=47% closeWR=0%)
    V2: best W=40 T=1.0 hold=10 -> return=118.03% DD=23.50% Calmar=5.023 WR=50.5% trades=2042  (openWR=50% midWR=51% closeWR=0%)
    V3: best W=40 T=2.0 hold=5 -> return=8.68% DD=58.77% Calmar=0.148 WR=47.8% trades=2716  (openWR=48% midWR=47% closeWR=0%)

  AL        : 91606 баров, recovery=2021-11
    V1: best W=40 T=2.0 hold=5 -> return=-162.72% DD=240.07% Calmar=-0.678 WR=48.1% trades=9846  (openWR=48% midWR=50% closeWR=50%)
    V2: best W=20 T=2.0 hold=20 -> return=-256.06% DD=391.00% Calmar=-0.655 WR=49.5% trades=4187  (openWR=50% midWR=47% closeWR=100%)
    V3: best W=40 T=2.0 hold=5 -> return=-82.25% DD=164.06% Calmar=-0.501 WR=48.1% trades=9592  (openWR=48% midWR=49% closeWR=50%)

  BR        : 4816 баров, recovery=2026-04
    V1: best W=40 T=2.5 hold=20 -> return=63.51% DD=5.55% Calmar=11.441 WR=57.0% trades=172  (openWR=57% midWR=64% closeWR=0%)
    V2: best W=10 T=1.5 hold=5 -> return=-0.44% DD=27.73% Calmar=-0.016 WR=48.9% trades=763  (openWR=50% midWR=40% closeWR=0%)
    V3: best W=40 T=2.5 hold=20 -> return=63.51% DD=5.55% Calmar=11.441 WR=57.0% trades=172  (openWR=57% midWR=64% closeWR=0%)
  CNYRUBF   : ⚠ нет данных, пропуск
  CR        : ⚠ нет данных, пропуск

  ED        : 111252 баров, recovery=2022-05
    V1: best W=40 T=2.0 hold=20 -> return=2.77% DD=11.12% Calmar=0.249 WR=48.8% trades=4498  (openWR=49% midWR=53% closeWR=57%)
    V2: best W=10 T=1.5 hold=20 -> return=-2.80% DD=13.73% Calmar=-0.204 WR=49.0% trades=5221  (openWR=49% midWR=47% closeWR=75%)
    V3: best W=40 T=2.0 hold=20 -> return=2.77% DD=11.12% Calmar=0.249 WR=48.8% trades=4498  (openWR=49% midWR=53% closeWR=57%)

  Eu        : 109792 баров, recovery=2022-10
    V1: best W=10 T=2.0 hold=20 -> return=21.35% DD=22.92% Calmar=0.932 WR=49.7% trades=4931  (openWR=50% midWR=44% closeWR=50%)
    V2: best W=40 T=1.0 hold=20 -> return=66.70% DD=16.23% Calmar=4.111 WR=51.6% trades=5120  (openWR=52% midWR=52% closeWR=33%)
    V3: best W=10 T=2.0 hold=20 -> return=21.35% DD=22.92% Calmar=0.932 WR=49.7% trades=4931  (openWR=50% midWR=44% closeWR=50%)
  GLDRUBF   : ⚠ нет данных, пропуск

  GZ        : 102611 баров, recovery=2023-05
    V1: best W=40 T=1.0 hold=10 -> return=47.48% DD=47.11% Calmar=1.008 WR=50.4% trades=8708  (openWR=51% midWR=50% closeWR=56%)
    V2: best W=10 T=1.0 hold=20 -> return=9.03% DD=50.27% Calmar=0.180 WR=50.1% trades=4856  (openWR=50% midWR=48% closeWR=50%)
    V3: best W=40 T=1.0 hold=10 -> return=47.48% DD=47.11% Calmar=1.008 WR=50.4% trades=8708  (openWR=51% midWR=50% closeWR=56%)

  IMOEXF    : 62622 баров, recovery=2024-07
    V1: best W=10 T=2.0 hold=20 -> return=62.91% DD=11.23% Calmar=5.604 WR=51.4% trades=2824  (openWR=51% midWR=57% closeWR=0%)
    V2: best W=10 T=2.5 hold=5 -> return=-5.25% DD=29.80% Calmar=-0.176 WR=46.8% trades=9132  (openWR=47% midWR=49% closeWR=0%)
    V3: best W=10 T=2.0 hold=20 -> return=62.91% DD=11.23% Calmar=5.604 WR=51.4% trades=2824  (openWR=51% midWR=57% closeWR=0%)

  LK        : 104637 баров, recovery=2022-11
    V1: best W=40 T=2.0 hold=5 -> return=16.35% DD=62.26% Calmar=0.263 WR=49.5% trades=11387  (openWR=49% midWR=51% closeWR=55%)
    V2: best W=10 T=1.0 hold=20 -> return=-68.56% DD=158.67% Calmar=-0.432 WR=49.3% trades=4946  (openWR=49% midWR=49% closeWR=0%)
    V3: best W=40 T=2.0 hold=5 -> return=29.99% DD=45.05% Calmar=0.666 WR=49.4% trades=11094  (openWR=49% midWR=51% closeWR=50%)

  MX        : 76692 баров, recovery=2024-02
    V1: best W=10 T=1.5 hold=20 -> return=44.63% DD=19.17% Calmar=2.328 WR=50.0% trades=3544  (openWR=50% midWR=54% closeWR=100%)
    V2: best W=20 T=2.5 hold=20 -> return=51.21% DD=28.85% Calmar=1.775 WR=49.2% trades=3444  (openWR=49% midWR=50% closeWR=0%)
    V3: best W=10 T=1.5 hold=20 -> return=44.63% DD=19.17% Calmar=2.328 WR=50.0% trades=3544  (openWR=50% midWR=54% closeWR=100%)

  NG        : 107388 баров, recovery=2023-01
    V1: best W=40 T=2.0 hold=20 -> return=-733.72% DD=861.55% Calmar=-0.852 WR=49.6% trades=4405  (openWR=50% midWR=51% closeWR=43%)
    V2: best W=10 T=1.5 hold=20 -> return=-616.15% DD=815.99% Calmar=-0.755 WR=48.8% trades=5104  (openWR=49% midWR=51% closeWR=25%)
    V3: best W=40 T=2.0 hold=20 -> return=-733.72% DD=861.55% Calmar=-0.852 WR=49.6% trades=4405  (openWR=50% midWR=51% closeWR=43%)

  NM        : 76548 баров, recovery=2023-05
    V1: best W=20 T=1.5 hold=5 -> return=-51.51% DD=209.04% Calmar=-0.246 WR=50.0% trades=10789  (openWR=50% midWR=51% closeWR=88%)
    V2: best W=40 T=1.0 hold=10 -> return=-60.29% DD=200.48% Calmar=-0.301 WR=49.4% trades=6724  (openWR=49% midWR=52% closeWR=0%)
    V3: best W=20 T=1.5 hold=5 -> return=-51.51% DD=209.04% Calmar=-0.246 WR=50.0% trades=10789  (openWR=50% midWR=51% closeWR=88%)

  PD        : 95877 баров, recovery=2022-10
    V1: best W=20 T=2.0 hold=5 -> return=35.71% DD=115.28% Calmar=0.310 WR=50.6% trades=10374  (openWR=51% midWR=49% closeWR=25%)
    V2: best W=20 T=1.5 hold=5 -> return=-59.23% DD=100.00% Calmar=-0.592 WR=48.8% trades=13502  (openWR=49% midWR=48% closeWR=60%)
    V3: best W=20 T=2.0 hold=5 -> return=35.71% DD=115.28% Calmar=0.310 WR=50.6% trades=10374  (openWR=51% midWR=49% closeWR=25%)

  RI        : 105295 баров, recovery=2023-04
    V1: best W=10 T=1.0 hold=20 -> return=15.35% DD=26.92% Calmar=0.570 WR=49.2% trades=4948  (openWR=49% midWR=49% closeWR=50%)
    V2: best W=10 T=2.5 hold=20 -> return=73.30% DD=20.88% Calmar=3.510 WR=50.8% trades=4841  (openWR=51% midWR=45% closeWR=0%)
    V3: best W=10 T=1.0 hold=20 -> return=12.54% DD=29.73% Calmar=0.422 WR=49.3% trades=4947  (openWR=49% midWR=49% closeWR=50%)

  RN        : 95364 баров, recovery=2021-11
    V1: best W=20 T=2.5 hold=5 -> return=60.92% DD=37.20% Calmar=1.638 WR=49.5% trades=9792  (openWR=49% midWR=56% closeWR=50%)
    V2: best W=40 T=1.0 hold=5 -> return=9.36% DD=98.06% Calmar=0.096 WR=49.2% trades=14903  (openWR=49% midWR=47% closeWR=75%)
    V3: best W=20 T=2.5 hold=5 -> return=60.92% DD=37.20% Calmar=1.638 WR=49.5% trades=9792  (openWR=49% midWR=56% closeWR=50%)

  SN        : 76918 баров, recovery=2021-10
    V1: best W=20 T=1.5 hold=5 -> return=-148.76% DD=332.93% Calmar=-0.447 WR=49.9% trades=10335  (openWR=50% midWR=53% closeWR=38%)
    V2: best W=40 T=2.0 hold=5 -> return=-31.67% DD=132.44% Calmar=-0.239 WR=49.4% trades=9928  (openWR=50% midWR=48% closeWR=25%)
    V3: best W=20 T=2.5 hold=5 -> return=-130.82% DD=249.88% Calmar=-0.523 WR=50.2% trades=7235  (openWR=50% midWR=56% closeWR=50%)

  SR        : 30407 баров, recovery=2025-07
    V1: best W=40 T=1.5 hold=10 -> return=44.80% DD=16.45% Calmar=2.723 WR=52.7% trades=2425  (openWR=53% midWR=50% closeWR=0%)
    V2: best W=20 T=2.0 hold=20 -> return=25.68% DD=14.46% Calmar=1.775 WR=48.3% trades=1401  (openWR=48% midWR=50% closeWR=0%)
    V3: best W=40 T=1.5 hold=10 -> return=44.80% DD=16.45% Calmar=2.723 WR=52.7% trades=2425  (openWR=53% midWR=50% closeWR=0%)

  SV        : 76825 баров, recovery=2024-02
    V1: best W=10 T=1.0 hold=10 -> return=137.93% DD=25.93% Calmar=5.319 WR=49.0% trades=6760  (openWR=49% midWR=50% closeWR=100%)
    V2: best W=10 T=2.0 hold=5 -> return=74.23% DD=30.35% Calmar=2.446 WR=46.8% trades=11679  (openWR=46% midWR=51% closeWR=25%)
    V3: best W=10 T=1.0 hold=10 -> return=137.93% DD=25.93% Calmar=5.319 WR=49.0% trades=6760  (openWR=49% midWR=50% closeWR=100%)
  Si        : ⚠ нет данных, пропуск
  USDRUBF   : ⚠ нет данных, пропуск

  VB        : 59878 баров, recovery=2024-06
    V1: best W=10 T=2.5 hold=20 -> return=110.46% DD=412.01% Calmar=0.268 WR=50.7% trades=2614  (openWR=51% midWR=51% closeWR=0%)
    V2: best W=40 T=1.5 hold=5 -> return=-485.61% DD=559.07% Calmar=-0.869 WR=47.0% trades=9002  (openWR=47% midWR=46% closeWR=0%)
    V3: best W=10 T=2.5 hold=20 -> return=110.46% DD=412.01% Calmar=0.268 WR=50.7% trades=2614  (openWR=51% midWR=51% closeWR=0%)

  ✅ reports/oi_divergence_phase2/A_full_market.csv (1944 строк)

======================================================================
  Режим B_post_recovery
======================================================================

  AF        : 23364 баров, recovery=2025-08
/home/user/projects/TQA-MOEX/scripts/oi_divergence_scan_v2.py:85: RuntimeWarning: invalid value encountered in divide
  out[mask] = ((series - mu.values) / sd.values)[mask]
    V1: best W=40 T=2.0 hold=5 -> return=8.68% DD=58.77% Calmar=0.148 WR=47.8% trades=2716  (openWR=48% midWR=47% closeWR=0%)
    V2: best W=40 T=1.0 hold=10 -> return=118.03% DD=23.50% Calmar=5.023 WR=50.5% trades=2042  (openWR=50% midWR=51% closeWR=0%)
    V3: best W=40 T=2.0 hold=5 -> return=8.68% DD=58.77% Calmar=0.148 WR=47.8% trades=2716  (openWR=48% midWR=47% closeWR=0%)

  AL        : 91606 баров, recovery=2021-11
    V1: best W=40 T=2.0 hold=5 -> return=-162.72% DD=240.07% Calmar=-0.678 WR=48.1% trades=9846  (openWR=48% midWR=50% closeWR=50%)
    V2: best W=20 T=2.0 hold=20 -> return=-256.06% DD=391.00% Calmar=-0.655 WR=49.5% trades=4187  (openWR=50% midWR=47% closeWR=100%)
    V3: best W=40 T=2.0 hold=5 -> return=-82.25% DD=164.06% Calmar=-0.501 WR=48.1% trades=9592  (openWR=48% midWR=49% closeWR=50%)

  BR        : 4816 баров, recovery=2026-04
    V1: best W=40 T=2.5 hold=20 -> return=63.51% DD=5.55% Calmar=11.441 WR=57.0% trades=172  (openWR=57% midWR=64% closeWR=0%)
    V2: best W=10 T=1.5 hold=5 -> return=-0.44% DD=27.73% Calmar=-0.016 WR=48.9% trades=763  (openWR=50% midWR=40% closeWR=0%)
    V3: best W=40 T=2.5 hold=20 -> return=63.51% DD=5.55% Calmar=11.441 WR=57.0% trades=172  (openWR=57% midWR=64% closeWR=0%)

  CNYRUBF   : 97412 баров, recovery=весь
    V1: best W=10 T=1.5 hold=20 -> return=-47.62% DD=73.82% Calmar=-0.645 WR=46.7% trades=4500  (openWR=47% midWR=49% closeWR=0%)
    V2: best W=20 T=2.5 hold=10 -> return=58.09% DD=12.03% Calmar=4.827 WR=48.6% trades=7846  (openWR=48% midWR=53% closeWR=0%)
    V3: best W=10 T=1.5 hold=20 -> return=-47.62% DD=73.82% Calmar=-0.645 WR=46.7% trades=4500  (openWR=47% midWR=49% closeWR=0%)

  CR        : 17998 баров, recovery=весь
    V1: best W=40 T=1.0 hold=10 -> return=21.95% DD=9.57% Calmar=2.293 WR=49.2% trades=1550  (openWR=49% midWR=55% closeWR=0%)
    V2: best W=10 T=2.0 hold=10 -> return=8.94% DD=7.78% Calmar=1.150 WR=51.1% trades=1580  (openWR=52% midWR=45% closeWR=0%)
    V3: best W=40 T=1.0 hold=10 -> return=21.95% DD=9.57% Calmar=2.293 WR=49.2% trades=1550  (openWR=49% midWR=55% closeWR=0%)

  ED        : 111252 баров, recovery=2022-05
    V1: best W=40 T=2.0 hold=20 -> return=2.77% DD=11.12% Calmar=0.249 WR=48.8% trades=4498  (openWR=49% midWR=53% closeWR=57%)
    V2: best W=10 T=1.5 hold=20 -> return=-2.80% DD=13.73% Calmar=-0.204 WR=49.0% trades=5221  (openWR=49% midWR=47% closeWR=75%)
    V3: best W=40 T=2.0 hold=20 -> return=2.77% DD=11.12% Calmar=0.249 WR=48.8% trades=4498  (openWR=49% midWR=53% closeWR=57%)

  Eu        : 109792 баров, recovery=2022-10
    V1: best W=10 T=2.0 hold=20 -> return=21.35% DD=22.92% Calmar=0.932 WR=49.7% trades=4931  (openWR=50% midWR=44% closeWR=50%)
    V2: best W=40 T=1.0 hold=20 -> return=66.70% DD=16.23% Calmar=4.111 WR=51.6% trades=5120  (openWR=52% midWR=52% closeWR=33%)
    V3: best W=10 T=2.0 hold=20 -> return=21.35% DD=22.92% Calmar=0.932 WR=49.7% trades=4931  (openWR=50% midWR=44% closeWR=50%)

  GLDRUBF   : 91376 баров, recovery=весь
    V1: best W=40 T=1.5 hold=20 -> return=12.24% DD=21.30% Calmar=0.575 WR=48.6% trades=3906  (openWR=48% midWR=54% closeWR=0%)
    V2: best W=20 T=1.5 hold=10 -> return=40.33% DD=21.47% Calmar=1.878 WR=49.9% trades=7777  (openWR=50% midWR=53% closeWR=0%)
    V3: best W=40 T=1.5 hold=20 -> return=12.24% DD=21.30% Calmar=0.575 WR=48.6% trades=3906  (openWR=48% midWR=54% closeWR=0%)

  GZ        : 102611 баров, recovery=2023-05
    V1: best W=40 T=1.0 hold=10 -> return=47.48% DD=47.11% Calmar=1.008 WR=50.4% trades=8708  (openWR=51% midWR=50% closeWR=56%)
    V2: best W=10 T=1.0 hold=20 -> return=9.03% DD=50.27% Calmar=0.180 WR=50.1% trades=4856  (openWR=50% midWR=48% closeWR=50%)
    V3: best W=40 T=1.0 hold=10 -> return=47.48% DD=47.11% Calmar=1.008 WR=50.4% trades=8708  (openWR=51% midWR=50% closeWR=56%)

  IMOEXF    : 62622 баров, recovery=2024-07
    V1: best W=10 T=2.0 hold=20 -> return=62.91% DD=11.23% Calmar=5.604 WR=51.4% trades=2824  (openWR=51% midWR=57% closeWR=0%)
    V2: best W=10 T=2.5 hold=5 -> return=-5.25% DD=29.80% Calmar=-0.176 WR=46.8% trades=9132  (openWR=47% midWR=49% closeWR=0%)
    V3: best W=10 T=2.0 hold=20 -> return=62.91% DD=11.23% Calmar=5.604 WR=51.4% trades=2824  (openWR=51% midWR=57% closeWR=0%)

  LK        : 104637 баров, recovery=2022-11
    V1: best W=40 T=2.0 hold=5 -> return=16.35% DD=62.26% Calmar=0.263 WR=49.5% trades=11387  (openWR=49% midWR=51% closeWR=55%)
